<?xml version="1.0" encoding="UTF-8"?>
<!-- Generated by org.testng.reporters.JUnitXMLReporter -->
<testsuite hostname="Sony" ignored="0" name="flipkart1" tests="5" failures="0" timestamp="27 Mar 2018 10:57:09 GMT" time="55.325" errors="0">
  <testcase name="launchbrowser" time="15.725" classname="testngpackage.Facebook"/>
  <testcase name="launchbrowser" time="14.01" classname="testngpackage.FLipkart"/>
  <testcase name="g" time="6.64" classname="testngpackage.Facebook"/>
  <testcase name="e" time="9.043" classname="testngpackage.FLipkart"/>
  <testcase name="f" time="9.782" classname="testngpackage.FLipkart"/>
</testsuite> <!-- flipkart1 -->
