<?xml version="1.0" encoding="UTF-8"?>
<testng-results skipped="0" failed="0" ignored="0" total="1" passed="1">
  <reporter-output>
  </reporter-output>
  <suite name="TestSuite" duration-ms="22243" started-at="2018-03-27T17:15:50Z" finished-at="2018-03-27T17:16:12Z">
    <groups>
    </groups>
    <test name="testParameter" duration-ms="22243" started-at="2018-03-27T17:15:50Z" finished-at="2018-03-27T17:16:12Z">
      <class name="com.parameterspackage.ParameterTest">
        <test-method status="PASS" signature="flipkartLoginTest(java.lang.String, java.lang.String, java.lang.String, java.lang.String)[pri:0, instance:com.parameterspackage.ParameterTest@77cd7a0]" name="flipkartLoginTest" duration-ms="22176" started-at="2018-03-27T22:45:50Z" finished-at="2018-03-27T22:46:12Z">
          <params>
            <param index="0">
              <value>
                <![CDATA[chrome]]>
              </value>
            </param>
            <param index="1">
              <value>
                <![CDATA[https://www.flipkart.com/]]>
              </value>
            </param>
            <param index="2">
              <value>
                <![CDATA[sneha.agrawal6034@gmail.com]]>
              </value>
            </param>
            <param index="3">
              <value>
                <![CDATA[chinki]]>
              </value>
            </param>
          </params>
          <reporter-output>
          </reporter-output>
        </test-method> <!-- flipkartLoginTest -->
      </class> <!-- com.parameterspackage.ParameterTest -->
    </test> <!-- testParameter -->
  </suite> <!-- TestSuite -->
</testng-results>
