<?xml version="1.0" encoding="UTF-8"?>
<testng-results skipped="0" failed="0" ignored="0" total="4" passed="4">
  <reporter-output>
  </reporter-output>
  <suite name="Gmail Suite" duration-ms="74725" started-at="2018-04-07T16:27:59Z" finished-at="2018-04-07T16:29:14Z">
    <groups>
      <group name="b">
        <method signature="Flipkart.login()[pri:0, instance:testngpackage.Flipkart@f6c48ac]" name="login" class="testngpackage.Flipkart"/>
        <method signature="Automationpractice.g()[pri:0, instance:testngpackage.Automationpractice@4b952a2d]" name="g" class="testngpackage.Automationpractice"/>
      </group> <!-- b -->
    </groups>
    <test name="test1" duration-ms="34263" started-at="2018-04-07T16:27:59Z" finished-at="2018-04-07T16:28:34Z">
      <class name="testngpackage.Flipkart">
        <test-method status="PASS" signature="init()[pri:0, instance:testngpackage.Flipkart@f6c48ac]" name="init" is-config="true" duration-ms="25936" started-at="2018-04-07T21:57:59Z" finished-at="2018-04-07T21:58:25Z">
          <reporter-output>
          </reporter-output>
        </test-method> <!-- init -->
        <test-method status="PASS" signature="login()[pri:0, instance:testngpackage.Flipkart@f6c48ac]" name="login" duration-ms="4246" started-at="2018-04-07T21:58:25Z" finished-at="2018-04-07T21:58:30Z">
          <reporter-output>
          </reporter-output>
        </test-method> <!-- login -->
        <test-method status="PASS" signature="tearDown()[pri:0, instance:testngpackage.Flipkart@f6c48ac]" name="tearDown" is-config="true" duration-ms="3981" started-at="2018-04-07T21:58:30Z" finished-at="2018-04-07T21:58:34Z">
          <reporter-output>
          </reporter-output>
        </test-method> <!-- tearDown -->
      </class> <!-- testngpackage.Flipkart -->
    </test> <!-- test1 -->
    <test name="test2" duration-ms="24689" started-at="2018-04-07T16:28:34Z" finished-at="2018-04-07T16:28:58Z">
      <class name="testngpackage.AutomationPractice1">
        <test-method status="PASS" signature="beforeSuite()[pri:0, instance:testngpackage.AutomationPractice1@13805618]" name="beforeSuite" is-config="true" duration-ms="83" started-at="2018-04-07T21:57:59Z" finished-at="2018-04-07T21:57:59Z">
          <reporter-output>
          </reporter-output>
        </test-method> <!-- beforeSuite -->
        <test-method status="PASS" signature="afterSuite()[pri:0, instance:testngpackage.AutomationPractice1@13805618]" name="afterSuite" is-config="true" duration-ms="1" started-at="2018-04-07T21:59:14Z" finished-at="2018-04-07T21:59:14Z">
          <reporter-output>
          </reporter-output>
        </test-method> <!-- afterSuite -->
      </class> <!-- testngpackage.AutomationPractice1 -->
      <class name="testngpackage.Automationpractice">
        <test-method status="PASS" signature="launchbrowser()[pri:0, instance:testngpackage.Automationpractice@4b952a2d]" name="launchbrowser" is-config="true" duration-ms="15629" started-at="2018-04-07T21:58:34Z" finished-at="2018-04-07T21:58:49Z">
          <reporter-output>
          </reporter-output>
        </test-method> <!-- launchbrowser -->
        <test-method status="PASS" signature="g()[pri:0, instance:testngpackage.Automationpractice@4b952a2d]" name="g" duration-ms="7797" started-at="2018-04-07T21:58:49Z" finished-at="2018-04-07T21:58:57Z">
          <reporter-output>
          </reporter-output>
        </test-method> <!-- g -->
        <test-method status="PASS" signature="tearDown()[pri:0, instance:testngpackage.Automationpractice@4b952a2d]" name="tearDown" is-config="true" duration-ms="1255" started-at="2018-04-07T21:58:57Z" finished-at="2018-04-07T21:58:58Z">
          <reporter-output>
          </reporter-output>
        </test-method> <!-- tearDown -->
      </class> <!-- testngpackage.Automationpractice -->
    </test> <!-- test2 -->
    <test name="test3" duration-ms="74725" started-at="2018-04-07T16:27:59Z" finished-at="2018-04-07T16:29:14Z">
      <class name="testngpackage.AutomationPractice1">
        <test-method status="PASS" signature="beforeMethod()[pri:0, instance:testngpackage.AutomationPractice1@13805618]" name="beforeMethod" is-config="true" duration-ms="3" started-at="2018-04-07T21:57:59Z" finished-at="2018-04-07T21:57:59Z">
          <reporter-output>
          </reporter-output>
        </test-method> <!-- beforeMethod -->
        <test-method status="PASS" signature="beforeClass()[pri:0, instance:testngpackage.AutomationPractice1@13805618]" name="beforeClass" is-config="true" duration-ms="2" started-at="2018-04-07T21:57:59Z" finished-at="2018-04-07T21:57:59Z">
          <reporter-output>
          </reporter-output>
        </test-method> <!-- beforeClass -->
        <test-method status="PASS" signature="launchbrowser()[pri:0, instance:testngpackage.AutomationPractice1@13805618]" name="launchbrowser" is-config="true" duration-ms="18532" started-at="2018-04-07T21:57:59Z" finished-at="2018-04-07T21:58:18Z">
          <reporter-output>
          </reporter-output>
        </test-method> <!-- launchbrowser -->
        <test-method status="PASS" signature="e()[pri:0, instance:testngpackage.AutomationPractice1@13805618]" name="e" duration-ms="23070" started-at="2018-04-07T21:58:18Z" finished-at="2018-04-07T21:58:41Z">
          <reporter-output>
          </reporter-output>
        </test-method> <!-- e -->
        <test-method status="PASS" signature="tearDown()[pri:0, instance:testngpackage.AutomationPractice1@13805618]" name="tearDown" is-config="true" duration-ms="2589" started-at="2018-04-07T21:58:41Z" finished-at="2018-04-07T21:58:44Z">
          <reporter-output>
          </reporter-output>
        </test-method> <!-- tearDown -->
        <test-method status="PASS" signature="launchbrowser()[pri:0, instance:testngpackage.AutomationPractice1@13805618]" name="launchbrowser" is-config="true" duration-ms="12948" started-at="2018-04-07T21:58:44Z" finished-at="2018-04-07T21:58:57Z">
          <reporter-output>
          </reporter-output>
        </test-method> <!-- launchbrowser -->
        <test-method status="PASS" signature="f()[pri:0, instance:testngpackage.AutomationPractice1@13805618]" name="f" duration-ms="16164" started-at="2018-04-07T21:58:57Z" finished-at="2018-04-07T21:59:13Z">
          <reporter-output>
          </reporter-output>
        </test-method> <!-- f -->
        <test-method status="PASS" signature="tearDown()[pri:0, instance:testngpackage.AutomationPractice1@13805618]" name="tearDown" is-config="true" duration-ms="1318" started-at="2018-04-07T21:59:13Z" finished-at="2018-04-07T21:59:14Z">
          <reporter-output>
          </reporter-output>
        </test-method> <!-- tearDown -->
        <test-method status="PASS" signature="afterClass()[pri:0, instance:testngpackage.AutomationPractice1@13805618]" name="afterClass" is-config="true" duration-ms="1" started-at="2018-04-07T21:59:14Z" finished-at="2018-04-07T21:59:14Z">
          <reporter-output>
          </reporter-output>
        </test-method> <!-- afterClass -->
        <test-method status="PASS" signature="terminateBrowser()[pri:0, instance:testngpackage.AutomationPractice1@13805618]" name="terminateBrowser" is-config="true" duration-ms="1" started-at="2018-04-07T21:59:14Z" finished-at="2018-04-07T21:59:14Z">
          <reporter-output>
          </reporter-output>
        </test-method> <!-- terminateBrowser -->
      </class> <!-- testngpackage.AutomationPractice1 -->
    </test> <!-- test3 -->
  </suite> <!-- Gmail Suite -->
</testng-results>
